<?xml version="1.0" encoding="UTF-8"?>
<testng-results ignored="0" total="1" passed="1" failed="0" skipped="0">
  <reporter-output>
  </reporter-output>
  <suite started-at="2024-05-31T13:34:01 IST" name="Suite" finished-at="2024-05-31T13:34:01 IST" duration-ms="18">
    <groups>
    </groups>
    <test started-at="2024-05-31T13:34:01 IST" name="Test" finished-at="2024-05-31T13:34:01 IST" duration-ms="18">
      <class name="BaseClass.CommonUtils">
        <test-method signature="testing()[pri:0, instance:BaseClass.CommonUtils@7ff95560]" started-at="2024-05-31T13:34:01 IST" name="testing" finished-at="2024-05-31T13:34:01 IST" duration-ms="5" status="PASS">
          <reporter-output>
          </reporter-output>
        </test-method> <!-- testing -->
      </class> <!-- BaseClass.CommonUtils -->
    </test> <!-- Test -->
  </suite> <!-- Suite -->
</testng-results>
