<?xml version="1.0" encoding="UTF-8"?>
<testsuite xmlns:xsi="http://www.w3.org/2001/XMLSchema-instance" xsi:noNamespaceSchemaLocation="https://maven.apache.org/surefire/maven-surefire-plugin/xsd/surefire-test-report-3.0.xsd" version="3.0" name="TestSuite" time="0.179" tests="1" errors="0" skipped="0" failures="0">
  <properties>
[...]
</properties>
  <testcase name="testing" classname="BaseClass.CommonUtils" time="0.006">
    <system-out><![CDATA[Mogambo
______________________________________________________________________
Current Date :- 2024-05-31
Current Time :- 13:39:44.219766
______________________________________________________________________
]]></system-out>
  </testcase>
</testsuite>