<?xml version="1.0" encoding="UTF-8"?>
<testng-results ignored="0" total="1" passed="1" failed="0" skipped="0">
  <reporter-output>
  </reporter-output>
  <suite started-at="2024-06-04T10:14:48 IST" name="Suite" finished-at="2024-06-04T10:14:50 IST" duration-ms="2289">
    <groups>
    </groups>
    <test started-at="2024-06-04T10:14:48 IST" name="Test" finished-at="2024-06-04T10:14:50 IST" duration-ms="2289">
      <class name="BaseClass.CommonUtils">
        <test-method is-config="true" signature="BT()[pri:0, instance:BaseClass.CommonUtils@770c2e6b]" started-at="2024-06-04T10:14:48 IST" name="BT" finished-at="2024-06-04T10:14:50 IST" duration-ms="2269" status="PASS">
          <reporter-output>
          </reporter-output>
        </test-method> <!-- BT -->
        <test-method signature="testing()[pri:0, instance:BaseClass.CommonUtils@770c2e6b]" started-at="2024-06-04T10:14:50 IST" name="testing" finished-at="2024-06-04T10:14:50 IST" duration-ms="1" status="PASS">
          <reporter-output>
          </reporter-output>
        </test-method> <!-- testing -->
      </class> <!-- BaseClass.CommonUtils -->
    </test> <!-- Test -->
  </suite> <!-- Suite -->
</testng-results>
